<?xml version="1.0" encoding="UTF-8"?>
<robot generator="Robot 7.4.1 (Python 3.12.4 on win32)" generated="2026-02-11T11:19:58.205352" rpa="false" schemaversion="5">
<suite id="s1" name="testRF02" source="D:\downloads\Software-Testing-_Quiz02\testRF02.robot">
<kw name="Open Browser" type="SETUP">
<msg time="2026-02-11T11:19:58.274643" level="FAIL">No keyword with name 'Open Browser' found.</msg>
<arg>https://reg.up.ac.th/</arg>
<status status="FAIL" start="2026-02-11T11:19:58.274643" elapsed="0.000000">No keyword with name 'Open Browser' found.</status>
</kw>
<test id="s1-t1" name="F01_1_TC1" line="16">
<status status="FAIL" start="2026-02-11T11:19:58.274643" elapsed="0.000845">Parent suite setup failed:
No keyword with name 'Open Browser' found.</status>
</test>
<kw name="Close Browser" type="TEARDOWN">
<msg time="2026-02-11T11:19:58.276984" level="FAIL">No keyword with name 'Close Browser' found.</msg>
<status status="FAIL" start="2026-02-11T11:19:58.276984" elapsed="0.000000">No keyword with name 'Close Browser' found.</status>
</kw>
<status status="FAIL" start="2026-02-11T11:19:58.207433" elapsed="0.069551">Suite setup failed:
No keyword with name 'Open Browser' found.

Also suite teardown failed:
No keyword with name 'Close Browser' found.</status>
</suite>
<statistics>
<total>
<stat pass="0" fail="1" skip="0">All Tests</stat>
</total>
<tag>
</tag>
<suite>
<stat name="testRF02" id="s1" pass="0" fail="1" skip="0">testRF02</stat>
</suite>
</statistics>
<errors>
<msg time="2026-02-11T11:19:58.271323" level="ERROR">Error in file 'D:\downloads\Software-Testing-_Quiz02\testRF02.robot' on line 2: Importing library 'SeleniumLibrary' failed: ModuleNotFoundError: No module named 'SeleniumLibrary'
Traceback (most recent call last):
  None
PYTHONPATH:
  D:\downloads\Software-Testing-_Quiz02\.venv\Scripts\robot.exe
  C:\Users\riffe\scoop\apps\python\3.12.4\python312.zip
  C:\Users\riffe\scoop\apps\python\3.12.4\DLLs
  C:\Users\riffe\scoop\apps\python\3.12.4\Lib
  C:\Users\riffe\scoop\apps\python\3.12.4
  D:\downloads\Software-Testing-_Quiz02\.venv
  D:\downloads\Software-Testing-_Quiz02\.venv\Lib\site-packages</msg>
</errors>
</robot>
