<?xml version="1.0" encoding="UTF-8"?>
<robot generator="Robot 7.4.1 (Python 3.12.4 on win32)" generated="2026-02-11T11:11:44.313411" rpa="false" schemaversion="5">
<suite id="s1" name="Software-Testing- Quiz02" source="D:\downloads\Software-Testing-_Quiz02">
<suite id="s1-s1" name="testRF02" source="D:\downloads\Software-Testing-_Quiz02\testRF02.robot">
<kw name=" Open Browser" type="SETUP">
<msg time="2026-02-11T11:11:44.384752" level="FAIL">Keyword ' Open Browser' expected 0 arguments, got 1.</msg>
<arg>https://reg.up.ac.th/</arg>
<status status="FAIL" start="2026-02-11T11:11:44.383749" elapsed="0.004528">Keyword ' Open Browser' expected 0 arguments, got 1.</status>
</kw>
<test id="s1-s1-t1" name="Login Success" line="16">
<status status="FAIL" start="2026-02-11T11:11:44.389787" elapsed="0.013925">Parent suite setup failed:
Keyword ' Open Browser' expected 0 arguments, got 1.</status>
</test>
<kw name="Close Browser" type="TEARDOWN">
<msg time="2026-02-11T11:11:44.424479" level="FAIL">No keyword with name 'Close Browser' found.</msg>
<status status="FAIL" start="2026-02-11T11:11:44.424479" elapsed="0.007885">No keyword with name 'Close Browser' found.</status>
</kw>
<status status="FAIL" start="2026-02-11T11:11:44.368638" elapsed="0.064801">Suite setup failed:
Keyword ' Open Browser' expected 0 arguments, got 1.

Also suite teardown failed:
No keyword with name 'Close Browser' found.</status>
</suite>
<status status="FAIL" start="2026-02-11T11:11:44.318923" elapsed="0.130121"/>
</suite>
<statistics>
<total>
<stat pass="0" fail="1" skip="0">All Tests</stat>
</total>
<tag>
</tag>
<suite>
<stat name="Software-Testing- Quiz02" id="s1" pass="0" fail="1" skip="0">Software-Testing- Quiz02</stat>
<stat name="testRF02" id="s1-s1" pass="0" fail="1" skip="0">Software-Testing- Quiz02.testRF02</stat>
</suite>
</statistics>
<errors>
<msg time="2026-02-11T11:11:44.372729" level="ERROR">Error in file 'D:\downloads\Software-Testing-_Quiz02\testRF02.robot' on line 2: Importing library 'SeleniumLibrary' failed: ModuleNotFoundError: No module named 'SeleniumLibrary'
Traceback (most recent call last):
  None
PYTHONPATH:
  D:\downloads\Software-Testing-_Quiz02\lib
  D:\downloads\Software-Testing-_Quiz02\resources
  c:\Users\riffe\.vscode\extensions\d-biehl.robotcode-2.2.0\bundled\libs
  c:\Users\riffe\.vscode\extensions\d-biehl.robotcode-2.2.0\bundled\tool\robotcode
  C:\Users\riffe\scoop\apps\python\3.12.4\python312.zip
  C:\Users\riffe\scoop\apps\python\3.12.4\DLLs
  C:\Users\riffe\scoop\apps\python\3.12.4\Lib
  C:\Users\riffe\scoop\apps\python\3.12.4
  D:\downloads\Software-Testing-_Quiz02\.venv
  D:\downloads\Software-Testing-_Quiz02\.venv\Lib\site-packages</msg>
</errors>
</robot>
